[ 2015-06-07T10:27:28+08:00 ] 127.0.0.1 /xindazhou/
INFO: [ app_begin ] --START--
INFO: ReadHtmlCache Behavior ::run [ RunTime:0.000891s ]
INFO: [ app_begin ] --END-- [ RunTime:0.001068s ]
NOTIC: [8] Constant THEME_NAME already defined /private/var/www/xindazhou/ThinkPHP/Lib/Core/View.class.php 第 223 行.
NOTIC: [8] Constant THEME_PATH already defined /private/var/www/xindazhou/ThinkPHP/Lib/Core/View.class.php 第 174 行.
NOTIC: [8] Constant APP_TMPL_PATH already defined /private/var/www/xindazhou/ThinkPHP/Lib/Core/View.class.php 第 175 行.
INFO: [ view_parse ] --START--
NOTIC: [8192] preg_replace(): The /e modifier is deprecated, use preg_replace_callback instead /private/var/www/xindazhou/ThinkPHP/Lib/Template/ThinkTemplate.class.php 第 137 行.
INFO: ParseTemplate Behavior ::run [ RunTime:0.004857s ]
INFO: [ view_parse ] --END-- [ RunTime:0.005073s ]
INFO: [ view_filter ] --START--
INFO: ContentReplace Behavior ::run [ RunTime:0.000553s ]
INFO: TokenBuild Behavior ::run [ RunTime:0.000586s ]
INFO: WriteHtmlCache Behavior ::run [ RunTime:0.000474s ]
INFO: ShowRuntime Behavior ::run [ RunTime:0.000735s ]
INFO: [ view_filter ] --END-- [ RunTime:0.002644s ]
INFO: [ view_end ] --START--
INFO: ShowPageTrace Behavior ::run [ RunTime:0.000832s ]
INFO: [ view_end ] --END-- [ RunTime:0.000935s ]

[ 2015-06-07T10:32:35+08:00 ] 127.0.0.1 /xindazhou/
INFO: [ app_begin ] --START--
INFO: ReadHtmlCache Behavior ::run [ RunTime:0.000323s ]
INFO: [ app_begin ] --END-- [ RunTime:0.000417s ]
NOTIC: [8] Constant THEME_NAME already defined /private/var/www/xindazhou/ThinkPHP/Lib/Core/View.class.php 第 223 行.
NOTIC: [8] Constant THEME_PATH already defined /private/var/www/xindazhou/ThinkPHP/Lib/Core/View.class.php 第 174 行.
NOTIC: [8] Constant APP_TMPL_PATH already defined /private/var/www/xindazhou/ThinkPHP/Lib/Core/View.class.php 第 175 行.
INFO: [ view_parse ] --START--
NOTIC: [8192] preg_replace(): The /e modifier is deprecated, use preg_replace_callback instead /private/var/www/xindazhou/ThinkPHP/Lib/Template/ThinkTemplate.class.php 第 137 行.
INFO: ParseTemplate Behavior ::run [ RunTime:0.008127s ]
INFO: [ view_parse ] --END-- [ RunTime:0.008232s ]
INFO: [ view_filter ] --START--
INFO: ContentReplace Behavior ::run [ RunTime:0.000269s ]
INFO: TokenBuild Behavior ::run [ RunTime:0.000257s ]
INFO: WriteHtmlCache Behavior ::run [ RunTime:0.000162s ]
INFO: ShowRuntime Behavior ::run [ RunTime:0.000345s ]
INFO: [ view_filter ] --END-- [ RunTime:0.001272s ]
INFO: [ view_end ] --START--
INFO: ShowPageTrace Behavior ::run [ RunTime:0.000452s ]
INFO: [ view_end ] --END-- [ RunTime:0.000539s ]

[ 2015-06-07T10:41:01+08:00 ] 127.0.0.1 /xindazhou/
INFO: [ app_begin ] --START--
INFO: ReadHtmlCache Behavior ::run [ RunTime:0.001375s ]
INFO: [ app_begin ] --END-- [ RunTime:0.001643s ]
NOTIC: [8] Constant THEME_NAME already defined /private/var/www/xindazhou/ThinkPHP/Lib/Core/View.class.php 第 223 行.
NOTIC: [8] Constant THEME_PATH already defined /private/var/www/xindazhou/ThinkPHP/Lib/Core/View.class.php 第 174 行.
NOTIC: [8] Constant APP_TMPL_PATH already defined /private/var/www/xindazhou/ThinkPHP/Lib/Core/View.class.php 第 175 行.
INFO: [ view_parse ] --START--
NOTIC: [8192] preg_replace(): The /e modifier is deprecated, use preg_replace_callback instead /private/var/www/xindazhou/ThinkPHP/Lib/Template/ThinkTemplate.class.php 第 137 行.
INFO: ParseTemplate Behavior ::run [ RunTime:0.010951s ]
INFO: [ view_parse ] --END-- [ RunTime:0.011109s ]
INFO: [ view_filter ] --START--
INFO: ContentReplace Behavior ::run [ RunTime:0.000371s ]
INFO: TokenBuild Behavior ::run [ RunTime:0.000371s ]
INFO: WriteHtmlCache Behavior ::run [ RunTime:0.000237s ]
INFO: ShowRuntime Behavior ::run [ RunTime:0.000534s ]
INFO: [ view_filter ] --END-- [ RunTime:0.001869s ]
INFO: [ view_end ] --START--
INFO: ShowPageTrace Behavior ::run [ RunTime:0.000675s ]
INFO: [ view_end ] --END-- [ RunTime:0.000835s ]

[ 2015-06-07T14:15:28+08:00 ] 127.0.0.1 /xindazhou/
INFO: [ app_begin ] --START--
INFO: ReadHtmlCache Behavior ::run [ RunTime:0.000281s ]
INFO: [ app_begin ] --END-- [ RunTime:0.000366s ]
NOTIC: [8] Constant THEME_NAME already defined /private/var/www/xindazhou/ThinkPHP/Lib/Core/View.class.php 第 223 行.
NOTIC: [8] Constant THEME_PATH already defined /private/var/www/xindazhou/ThinkPHP/Lib/Core/View.class.php 第 174 行.
NOTIC: [8] Constant APP_TMPL_PATH already defined /private/var/www/xindazhou/ThinkPHP/Lib/Core/View.class.php 第 175 行.
INFO: [ view_parse ] --START--
NOTIC: [8192] preg_replace(): The /e modifier is deprecated, use preg_replace_callback instead /private/var/www/xindazhou/ThinkPHP/Lib/Template/ThinkTemplate.class.php 第 137 行.
INFO: ParseTemplate Behavior ::run [ RunTime:0.002042s ]
INFO: [ view_parse ] --END-- [ RunTime:0.002117s ]
INFO: [ view_filter ] --START--
INFO: ContentReplace Behavior ::run [ RunTime:0.000192s ]
INFO: TokenBuild Behavior ::run [ RunTime:0.000195s ]
INFO: WriteHtmlCache Behavior ::run [ RunTime:0.000115s ]
INFO: ShowRuntime Behavior ::run [ RunTime:0.000273s ]
INFO: [ view_filter ] --END-- [ RunTime:0.000959s ]
INFO: [ view_end ] --START--
INFO: ShowPageTrace Behavior ::run [ RunTime:0.000320s ]
INFO: [ view_end ] --END-- [ RunTime:0.000391s ]

[ 2015-06-07T14:15:44+08:00 ] 127.0.0.1 /xindazhou/
INFO: [ app_begin ] --START--
INFO: ReadHtmlCache Behavior ::run [ RunTime:0.001082s ]
INFO: [ app_begin ] --END-- [ RunTime:0.001313s ]
NOTIC: [8] Constant THEME_NAME already defined /private/var/www/xindazhou/ThinkPHP/Lib/Core/View.class.php 第 223 行.
NOTIC: [8] Constant THEME_PATH already defined /private/var/www/xindazhou/ThinkPHP/Lib/Core/View.class.php 第 174 行.
NOTIC: [8] Constant APP_TMPL_PATH already defined /private/var/www/xindazhou/ThinkPHP/Lib/Core/View.class.php 第 175 行.
INFO: [ view_parse ] --START--
NOTIC: [8192] preg_replace(): The /e modifier is deprecated, use preg_replace_callback instead /private/var/www/xindazhou/ThinkPHP/Lib/Template/ThinkTemplate.class.php 第 137 行.
INFO: ParseTemplate Behavior ::run [ RunTime:0.003054s ]
INFO: [ view_parse ] --END-- [ RunTime:0.003183s ]
INFO: [ view_filter ] --START--
INFO: ContentReplace Behavior ::run [ RunTime:0.000318s ]
INFO: TokenBuild Behavior ::run [ RunTime:0.000357s ]
INFO: WriteHtmlCache Behavior ::run [ RunTime:0.000198s ]
INFO: ShowRuntime Behavior ::run [ RunTime:0.000442s ]
INFO: [ view_filter ] --END-- [ RunTime:0.001639s ]
INFO: [ view_end ] --START--
INFO: ShowPageTrace Behavior ::run [ RunTime:0.000536s ]
INFO: [ view_end ] --END-- [ RunTime:0.000641s ]

[ 2015-06-07T14:15:52+08:00 ] 127.0.0.1 /xindazhou/
INFO: [ app_begin ] --START--
INFO: ReadHtmlCache Behavior ::run [ RunTime:0.000464s ]
INFO: [ app_begin ] --END-- [ RunTime:0.000593s ]
NOTIC: [8] Constant THEME_NAME already defined /private/var/www/xindazhou/ThinkPHP/Lib/Core/View.class.php 第 223 行.
NOTIC: [8] Constant THEME_PATH already defined /private/var/www/xindazhou/ThinkPHP/Lib/Core/View.class.php 第 174 行.
NOTIC: [8] Constant APP_TMPL_PATH already defined /private/var/www/xindazhou/ThinkPHP/Lib/Core/View.class.php 第 175 行.
INFO: [ view_parse ] --START--
NOTIC: [8192] preg_replace(): The /e modifier is deprecated, use preg_replace_callback instead /private/var/www/xindazhou/ThinkPHP/Lib/Template/ThinkTemplate.class.php 第 137 行.
INFO: ParseTemplate Behavior ::run [ RunTime:0.003163s ]
INFO: [ view_parse ] --END-- [ RunTime:0.003296s ]
INFO: [ view_filter ] --START--
INFO: ContentReplace Behavior ::run [ RunTime:0.000565s ]
INFO: TokenBuild Behavior ::run [ RunTime:0.001045s ]
INFO: WriteHtmlCache Behavior ::run [ RunTime:0.000433s ]
INFO: ShowRuntime Behavior ::run [ RunTime:0.000446s ]
INFO: [ view_filter ] --END-- [ RunTime:0.003028s ]
INFO: [ view_end ] --START--
INFO: ShowPageTrace Behavior ::run [ RunTime:0.000496s ]
INFO: [ view_end ] --END-- [ RunTime:0.000615s ]

[ 2015-06-07T14:16:40+08:00 ] 127.0.0.1 /xindazhou/
INFO: [ app_begin ] --START--
INFO: ReadHtmlCache Behavior ::run [ RunTime:0.000304s ]
INFO: [ app_begin ] --END-- [ RunTime:0.000391s ]
NOTIC: [8] Constant THEME_NAME already defined /private/var/www/xindazhou/ThinkPHP/Lib/Core/View.class.php 第 223 行.
NOTIC: [8] Constant THEME_PATH already defined /private/var/www/xindazhou/ThinkPHP/Lib/Core/View.class.php 第 174 行.
NOTIC: [8] Constant APP_TMPL_PATH already defined /private/var/www/xindazhou/ThinkPHP/Lib/Core/View.class.php 第 175 行.
INFO: [ view_parse ] --START--
NOTIC: [8192] preg_replace(): The /e modifier is deprecated, use preg_replace_callback instead /private/var/www/xindazhou/ThinkPHP/Lib/Template/ThinkTemplate.class.php 第 137 行.
INFO: ParseTemplate Behavior ::run [ RunTime:0.010584s ]
INFO: [ view_parse ] --END-- [ RunTime:0.010709s ]
INFO: [ view_filter ] --START--
INFO: ContentReplace Behavior ::run [ RunTime:0.000397s ]
INFO: TokenBuild Behavior ::run [ RunTime:0.000602s ]
INFO: WriteHtmlCache Behavior ::run [ RunTime:0.000362s ]
INFO: ShowRuntime Behavior ::run [ RunTime:0.000757s ]
INFO: [ view_filter ] --END-- [ RunTime:0.002624s ]
INFO: [ view_end ] --START--
INFO: ShowPageTrace Behavior ::run [ RunTime:0.000568s ]
INFO: [ view_end ] --END-- [ RunTime:0.000668s ]

[ 2015-06-07T14:16:41+08:00 ] 127.0.0.1 /xindazhou/
INFO: [ app_begin ] --START--
INFO: ReadHtmlCache Behavior ::run [ RunTime:0.000537s ]
INFO: [ app_begin ] --END-- [ RunTime:0.000691s ]
NOTIC: [8] Constant THEME_NAME already defined /private/var/www/xindazhou/ThinkPHP/Lib/Core/View.class.php 第 223 行.
NOTIC: [8] Constant THEME_PATH already defined /private/var/www/xindazhou/ThinkPHP/Lib/Core/View.class.php 第 174 行.
NOTIC: [8] Constant APP_TMPL_PATH already defined /private/var/www/xindazhou/ThinkPHP/Lib/Core/View.class.php 第 175 行.
INFO: [ view_parse ] --START--
NOTIC: [8192] preg_replace(): The /e modifier is deprecated, use preg_replace_callback instead /private/var/www/xindazhou/ThinkPHP/Lib/Template/ThinkTemplate.class.php 第 137 行.
INFO: ParseTemplate Behavior ::run [ RunTime:0.003485s ]
INFO: [ view_parse ] --END-- [ RunTime:0.003663s ]
INFO: [ view_filter ] --START--
INFO: ContentReplace Behavior ::run [ RunTime:0.000372s ]
INFO: TokenBuild Behavior ::run [ RunTime:0.000427s ]
INFO: WriteHtmlCache Behavior ::run [ RunTime:0.000346s ]
INFO: ShowRuntime Behavior ::run [ RunTime:0.000491s ]
INFO: [ view_filter ] --END-- [ RunTime:0.002077s ]
INFO: [ view_end ] --START--
INFO: ShowPageTrace Behavior ::run [ RunTime:0.000695s ]
INFO: [ view_end ] --END-- [ RunTime:0.000863s ]

[ 2015-06-07T15:22:40+08:00 ] 127.0.0.1 /xindazhou/
INFO: [ app_begin ] --START--
INFO: ReadHtmlCache Behavior ::run [ RunTime:0.000902s ]
INFO: [ app_begin ] --END-- [ RunTime:0.001084s ]
NOTIC: [8] Constant THEME_NAME already defined /private/var/www/xindazhou/ThinkPHP/Lib/Core/View.class.php 第 223 行.
NOTIC: [8] Constant THEME_PATH already defined /private/var/www/xindazhou/ThinkPHP/Lib/Core/View.class.php 第 174 行.
NOTIC: [8] Constant APP_TMPL_PATH already defined /private/var/www/xindazhou/ThinkPHP/Lib/Core/View.class.php 第 175 行.
INFO: [ view_parse ] --START--
NOTIC: [8192] preg_replace(): The /e modifier is deprecated, use preg_replace_callback instead /private/var/www/xindazhou/ThinkPHP/Lib/Template/ThinkTemplate.class.php 第 137 行.
INFO: ParseTemplate Behavior ::run [ RunTime:0.003701s ]
INFO: [ view_parse ] --END-- [ RunTime:0.003801s ]
INFO: [ view_filter ] --START--
INFO: ContentReplace Behavior ::run [ RunTime:0.000544s ]
INFO: TokenBuild Behavior ::run [ RunTime:0.000575s ]
INFO: WriteHtmlCache Behavior ::run [ RunTime:0.000410s ]
INFO: ShowRuntime Behavior ::run [ RunTime:0.000623s ]
INFO: [ view_filter ] --END-- [ RunTime:0.002450s ]
INFO: [ view_end ] --START--
INFO: ShowPageTrace Behavior ::run [ RunTime:0.000732s ]
INFO: [ view_end ] --END-- [ RunTime:0.000864s ]

