[ 2015-07-05T09:18:32+08:00 ] 127.0.0.1 /xindazhou/
INFO: [ app_begin ] --START--
INFO: ReadHtmlCache Behavior ::run [ RunTime:0.000620s ]
INFO: [ app_begin ] --END-- [ RunTime:0.000781s ]

[ 2015-07-05T09:21:35+08:00 ] 127.0.0.1 /xindazhou/
INFO: [ app_begin ] --START--
INFO: ReadHtmlCache Behavior ::run [ RunTime:0.000476s ]
INFO: [ app_begin ] --END-- [ RunTime:0.000613s ]

[ 2015-07-05T09:21:40+08:00 ] 127.0.0.1 /xindazhou/Index.php/Index
INFO: [ route_check ] --START--
INFO: CheckRoute Behavior ::run [ RunTime:0.000423s ]
INFO: [ route_check ] --END-- [ RunTime:0.000561s ]
NOTIC: [8192] preg_replace(): The /e modifier is deprecated, use preg_replace_callback instead /private/var/www/xindazhou/ThinkPHP/Lib/Core/Dispatcher.class.php 第 132 行.
INFO: [ app_begin ] --START--
INFO: ReadHtmlCache Behavior ::run [ RunTime:0.000298s ]
INFO: [ app_begin ] --END-- [ RunTime:0.000369s ]

[ 2015-07-05T09:21:43+08:00 ] 127.0.0.1 /xindazhou/Index.php/Index/index
INFO: [ route_check ] --START--
INFO: CheckRoute Behavior ::run [ RunTime:0.000601s ]
INFO: [ route_check ] --END-- [ RunTime:0.000742s ]
NOTIC: [8192] preg_replace(): The /e modifier is deprecated, use preg_replace_callback instead /private/var/www/xindazhou/ThinkPHP/Lib/Core/Dispatcher.class.php 第 132 行.
INFO: [ app_begin ] --START--
INFO: ReadHtmlCache Behavior ::run [ RunTime:0.000467s ]
INFO: [ app_begin ] --END-- [ RunTime:0.000583s ]

